Traceback (most recent call last):
  File "mongodemo.py", line 155, in <module>
    outputs = model(x)
  File "/data/users2/washbee/anaconda3/envs/neurips/lib/python3.8/site-packages/torch/nn/modules/module.py", line 1501, in _call_impl
    return forward_call(*args, **kwargs)
  File "/data/users2/washbee/anaconda3/envs/neurips/lib/python3.8/site-packages/unet/unet.py", line 122, in forward
    x = self.decoder(skip_connections, encoding)
  File "/data/users2/washbee/anaconda3/envs/neurips/lib/python3.8/site-packages/torch/nn/modules/module.py", line 1501, in _call_impl
    return forward_call(*args, **kwargs)
  File "/data/users2/washbee/anaconda3/envs/neurips/lib/python3.8/site-packages/unet/decoding.py", line 61, in forward
    x = decoding_block(skip_connection, x)
  File "/data/users2/washbee/anaconda3/envs/neurips/lib/python3.8/site-packages/torch/nn/modules/module.py", line 1501, in _call_impl
    return forward_call(*args, **kwargs)
  File "/data/users2/washbee/anaconda3/envs/neurips/lib/python3.8/site-packages/unet/decoding.py", line 139, in forward
    x = self.conv2(x)
  File "/data/users2/washbee/anaconda3/envs/neurips/lib/python3.8/site-packages/torch/nn/modules/module.py", line 1501, in _call_impl
    return forward_call(*args, **kwargs)
  File "/data/users2/washbee/anaconda3/envs/neurips/lib/python3.8/site-packages/unet/conv.py", line 79, in forward
    return self.block(x)
  File "/data/users2/washbee/anaconda3/envs/neurips/lib/python3.8/site-packages/torch/nn/modules/module.py", line 1501, in _call_impl
    return forward_call(*args, **kwargs)
  File "/data/users2/washbee/anaconda3/envs/neurips/lib/python3.8/site-packages/torch/nn/modules/container.py", line 217, in forward
    input = module(input)
  File "/data/users2/washbee/anaconda3/envs/neurips/lib/python3.8/site-packages/torch/nn/modules/module.py", line 1501, in _call_impl
    return forward_call(*args, **kwargs)
  File "/data/users2/washbee/anaconda3/envs/neurips/lib/python3.8/site-packages/torch/nn/modules/batchnorm.py", line 171, in forward
    return F.batch_norm(
  File "/data/users2/washbee/anaconda3/envs/neurips/lib/python3.8/site-packages/torch/nn/functional.py", line 2450, in batch_norm
    return torch.batch_norm(
torch.cuda.OutOfMemoryError: CUDA out of memory. Tried to allocate 2.00 GiB (GPU 0; 31.74 GiB total capacity; 28.69 GiB already allocated; 567.38 MiB free; 30.03 GiB reserved in total by PyTorch) If reserved memory is >> allocated memory try setting max_split_size_mb to avoid fragmentation.  See documentation for Memory Management and PYTORCH_CUDA_ALLOC_CONF
/opt/slurmnfs/slurmd/lhotse/job3532763/slurm_script: line 27: 865634 Aborted                 (core dumped) python mongodemo.py
