Epoch 1/1
xencoder torch.Size([1, 2, 128])
masks1 torch.Size([1, 3, 1, 1, 1])
masks2 torch.Size([1, 3, 32, 32, 32])
masks3 torch.Size([1, 3, 32, 32, 32])
compare torch.Size([1, 3, 32, 32, 32]) torch.Size([1, 32, 32, 32]) torch.Size([1, 256, 256, 256])
Batch 1, Loss: 2.3911521434783936
subvx,subvy torch.Size([1, 1, 32, 32, 32]) torch.Size([1, 32, 32, 32])
xencoder torch.Size([1, 2, 128])
masks1 torch.Size([1, 3, 1, 1, 1])
masks2 torch.Size([1, 3, 32, 32, 32])
masks3 torch.Size([1, 3, 32, 32, 32])
compare torch.Size([1, 3, 32, 32, 32]) torch.Size([1, 32, 32, 32]) torch.Size([1, 256, 256, 256])
Batch 1, Loss: 0.3108104467391968
subvx,subvy torch.Size([1, 1, 32, 32, 32]) torch.Size([1, 32, 32, 32])
xencoder torch.Size([1, 2, 128])
masks1 torch.Size([1, 3, 1, 1, 1])
masks2 torch.Size([1, 3, 32, 32, 32])
masks3 torch.Size([1, 3, 32, 32, 32])
compare torch.Size([1, 3, 32, 32, 32]) torch.Size([1, 32, 32, 32]) torch.Size([1, 256, 256, 256])
Batch 1, Loss: 0.21489347517490387
subvx,subvy torch.Size([1, 1, 32, 32, 32]) torch.Size([1, 32, 32, 32])
xencoder torch.Size([1, 2, 128])
masks1 torch.Size([1, 3, 1, 1, 1])
masks2 torch.Size([1, 3, 32, 32, 32])
masks3 torch.Size([1, 3, 32, 32, 32])
compare torch.Size([1, 3, 32, 32, 32]) torch.Size([1, 32, 32, 32]) torch.Size([1, 256, 256, 256])
Batch 1, Loss: 0.38854798674583435
subvx,subvy torch.Size([1, 1, 32, 32, 32]) torch.Size([1, 32, 32, 32])
xencoder torch.Size([1, 2, 128])
masks1 torch.Size([1, 3, 1, 1, 1])
masks2 torch.Size([1, 3, 32, 32, 32])
masks3 torch.Size([1, 3, 32, 32, 32])
compare torch.Size([1, 3, 32, 32, 32]) torch.Size([1, 32, 32, 32]) torch.Size([1, 256, 256, 256])
Batch 1, Loss: 0.2625786066055298
subvx,subvy torch.Size([1, 1, 32, 32, 32]) torch.Size([1, 32, 32, 32])
xencoder torch.Size([1, 2, 128])
masks1 torch.Size([1, 3, 1, 1, 1])
masks2 torch.Size([1, 3, 32, 32, 32])
masks3 torch.Size([1, 3, 32, 32, 32])
compare torch.Size([1, 3, 32, 32, 32]) torch.Size([1, 32, 32, 32]) torch.Size([1, 256, 256, 256])
Batch 1, Loss: 0.21449528634548187
subvx,subvy torch.Size([1, 1, 32, 32, 32]) torch.Size([1, 32, 32, 32])
xencoder torch.Size([1, 2, 128])
masks1 torch.Size([1, 3, 1, 1, 1])
masks2 torch.Size([1, 3, 32, 32, 32])
masks3 torch.Size([1, 3, 32, 32, 32])
compare torch.Size([1, 3, 32, 32, 32]) torch.Size([1, 32, 32, 32]) torch.Size([1, 256, 256, 256])
Batch 1, Loss: 0.21381524205207825
subvx,subvy torch.Size([1, 1, 32, 32, 32]) torch.Size([1, 32, 32, 32])
xencoder torch.Size([1, 2, 128])
masks1 torch.Size([1, 3, 1, 1, 1])
masks2 torch.Size([1, 3, 32, 32, 32])
masks3 torch.Size([1, 3, 32, 32, 32])
compare torch.Size([1, 3, 32, 32, 32]) torch.Size([1, 32, 32, 32]) torch.Size([1, 256, 256, 256])
Batch 1, Loss: 0.2471713125705719
subvx,subvy torch.Size([1, 1, 32, 32, 32]) torch.Size([1, 32, 32, 32])
xencoder torch.Size([1, 2, 128])
masks1 torch.Size([1, 3, 1, 1, 1])
masks2 torch.Size([1, 3, 32, 32, 32])
masks3 torch.Size([1, 3, 32, 32, 32])
compare torch.Size([1, 3, 32, 32, 32]) torch.Size([1, 32, 32, 32]) torch.Size([1, 256, 256, 256])
Batch 1, Loss: 0.24475577473640442
subvx,subvy torch.Size([1, 1, 32, 32, 32]) torch.Size([1, 32, 32, 32])
xencoder torch.Size([1, 2, 128])
masks1 torch.Size([1, 3, 1, 1, 1])
masks2 torch.Size([1, 3, 32, 32, 32])
masks3 torch.Size([1, 3, 32, 32, 32])
compare torch.Size([1, 3, 32, 32, 32]) torch.Size([1, 32, 32, 32]) torch.Size([1, 256, 256, 256])
Batch 1, Loss: 0.21649061143398285
subvx,subvy torch.Size([1, 1, 32, 32, 32]) torch.Size([1, 32, 32, 32])
xencoder torch.Size([1, 2, 128])
masks1 torch.Size([1, 3, 1, 1, 1])
masks2 torch.Size([1, 3, 32, 32, 32])
masks3 torch.Size([1, 3, 32, 32, 32])
compare torch.Size([1, 3, 32, 32, 32]) torch.Size([1, 32, 32, 32]) torch.Size([1, 256, 256, 256])
Batch 1, Loss: 0.25356438755989075
subvx,subvy torch.Size([1, 1, 32, 32, 32]) torch.Size([1, 32, 32, 32])
xencoder torch.Size([1, 2, 128])
masks1 torch.Size([1, 3, 1, 1, 1])
masks2 torch.Size([1, 3, 32, 32, 32])
masks3 torch.Size([1, 3, 32, 32, 32])
compare torch.Size([1, 3, 32, 32, 32]) torch.Size([1, 32, 32, 32]) torch.Size([1, 256, 256, 256])
Batch 1, Loss: 0.2106328159570694
subvx,subvy torch.Size([1, 1, 32, 32, 32]) torch.Size([1, 32, 32, 32])
xencoder torch.Size([1, 2, 128])
masks1 torch.Size([1, 3, 1, 1, 1])
masks2 torch.Size([1, 3, 32, 32, 32])
masks3 torch.Size([1, 3, 32, 32, 32])
compare torch.Size([1, 3, 32, 32, 32]) torch.Size([1, 32, 32, 32]) torch.Size([1, 256, 256, 256])
Batch 1, Loss: 0.21923314034938812
subvx,subvy torch.Size([1, 1, 32, 32, 32]) torch.Size([1, 32, 32, 32])
xencoder torch.Size([1, 2, 128])
masks1 torch.Size([1, 3, 1, 1, 1])
masks2 torch.Size([1, 3, 32, 32, 32])
masks3 torch.Size([1, 3, 32, 32, 32])
compare torch.Size([1, 3, 32, 32, 32]) torch.Size([1, 32, 32, 32]) torch.Size([1, 256, 256, 256])
Batch 1, Loss: 0.21634192764759064
subvx,subvy torch.Size([1, 1, 32, 32, 32]) torch.Size([1, 32, 32, 32])
xencoder torch.Size([1, 2, 128])
masks1 torch.Size([1, 3, 1, 1, 1])
masks2 torch.Size([1, 3, 32, 32, 32])
masks3 torch.Size([1, 3, 32, 32, 32])
compare torch.Size([1, 3, 32, 32, 32]) torch.Size([1, 32, 32, 32]) torch.Size([1, 256, 256, 256])
Batch 1, Loss: 0.2104196697473526
subvx,subvy torch.Size([1, 1, 32, 32, 32]) torch.Size([1, 32, 32, 32])
xencoder torch.Size([1, 2, 128])
masks1 torch.Size([1, 3, 1, 1, 1])
masks2 torch.Size([1, 3, 32, 32, 32])
masks3 torch.Size([1, 3, 32, 32, 32])
compare torch.Size([1, 3, 32, 32, 32]) torch.Size([1, 32, 32, 32]) torch.Size([1, 256, 256, 256])
Batch 1, Loss: 0.21231256425380707
subvx,subvy torch.Size([1, 1, 32, 32, 32]) torch.Size([1, 32, 32, 32])
xencoder torch.Size([1, 2, 128])
masks1 torch.Size([1, 3, 1, 1, 1])
masks2 torch.Size([1, 3, 32, 32, 32])
masks3 torch.Size([1, 3, 32, 32, 32])
compare torch.Size([1, 3, 32, 32, 32]) torch.Size([1, 32, 32, 32]) torch.Size([1, 256, 256, 256])
Batch 1, Loss: 0.20877934992313385
subvx,subvy torch.Size([1, 1, 32, 32, 32]) torch.Size([1, 32, 32, 32])
xencoder torch.Size([1, 2, 128])
masks1 torch.Size([1, 3, 1, 1, 1])
masks2 torch.Size([1, 3, 32, 32, 32])
masks3 torch.Size([1, 3, 32, 32, 32])
compare torch.Size([1, 3, 32, 32, 32]) torch.Size([1, 32, 32, 32]) torch.Size([1, 256, 256, 256])
Batch 1, Loss: 0.23253534734249115
subvx,subvy torch.Size([1, 1, 32, 32, 32]) torch.Size([1, 32, 32, 32])
xencoder torch.Size([1, 2, 128])
masks1 torch.Size([1, 3, 1, 1, 1])
masks2 torch.Size([1, 3, 32, 32, 32])
masks3 torch.Size([1, 3, 32, 32, 32])
compare torch.Size([1, 3, 32, 32, 32]) torch.Size([1, 32, 32, 32]) torch.Size([1, 256, 256, 256])
Batch 1, Loss: 0.2117609679698944
subvx,subvy torch.Size([1, 1, 32, 32, 32]) torch.Size([1, 32, 32, 32])
xencoder torch.Size([1, 2, 128])
masks1 torch.Size([1, 3, 1, 1, 1])
masks2 torch.Size([1, 3, 32, 32, 32])
masks3 torch.Size([1, 3, 32, 32, 32])
compare torch.Size([1, 3, 32, 32, 32]) torch.Size([1, 32, 32, 32]) torch.Size([1, 256, 256, 256])
Batch 1, Loss: 0.20857809484004974
subvx,subvy torch.Size([1, 1, 32, 32, 32]) torch.Size([1, 32, 32, 32])
xencoder torch.Size([1, 2, 128])
masks1 torch.Size([1, 3, 1, 1, 1])
masks2 torch.Size([1, 3, 32, 32, 32])
masks3 torch.Size([1, 3, 32, 32, 32])
compare torch.Size([1, 3, 32, 32, 32]) torch.Size([1, 32, 32, 32]) torch.Size([1, 256, 256, 256])
Batch 1, Loss: 0.20565450191497803
subvx,subvy torch.Size([1, 1, 32, 32, 32]) torch.Size([1, 32, 32, 32])
xencoder torch.Size([1, 2, 128])
masks1 torch.Size([1, 3, 1, 1, 1])
masks2 torch.Size([1, 3, 32, 32, 32])
masks3 torch.Size([1, 3, 32, 32, 32])
compare torch.Size([1, 3, 32, 32, 32]) torch.Size([1, 32, 32, 32]) torch.Size([1, 256, 256, 256])
Batch 1, Loss: 0.20622527599334717
subvx,subvy torch.Size([1, 1, 32, 32, 32]) torch.Size([1, 32, 32, 32])
xencoder torch.Size([1, 2, 128])
masks1 torch.Size([1, 3, 1, 1, 1])
masks2 torch.Size([1, 3, 32, 32, 32])
masks3 torch.Size([1, 3, 32, 32, 32])
compare torch.Size([1, 3, 32, 32, 32]) torch.Size([1, 32, 32, 32]) torch.Size([1, 256, 256, 256])
Batch 1, Loss: 0.20795297622680664
subvx,subvy torch.Size([1, 1, 32, 32, 32]) torch.Size([1, 32, 32, 32])
xencoder torch.Size([1, 2, 128])
masks1 torch.Size([1, 3, 1, 1, 1])
masks2 torch.Size([1, 3, 32, 32, 32])
masks3 torch.Size([1, 3, 32, 32, 32])
compare torch.Size([1, 3, 32, 32, 32]) torch.Size([1, 32, 32, 32]) torch.Size([1, 256, 256, 256])
Batch 1, Loss: 0.20493654906749725
subvx,subvy torch.Size([1, 1, 32, 32, 32]) torch.Size([1, 32, 32, 32])
xencoder torch.Size([1, 2, 128])
masks1 torch.Size([1, 3, 1, 1, 1])
masks2 torch.Size([1, 3, 32, 32, 32])
masks3 torch.Size([1, 3, 32, 32, 32])
compare torch.Size([1, 3, 32, 32, 32]) torch.Size([1, 32, 32, 32]) torch.Size([1, 256, 256, 256])
Batch 1, Loss: 0.20520351827144623
subvx,subvy torch.Size([1, 1, 32, 32, 32]) torch.Size([1, 32, 32, 32])
xencoder torch.Size([1, 2, 128])
masks1 torch.Size([1, 3, 1, 1, 1])
masks2 torch.Size([1, 3, 32, 32, 32])
masks3 torch.Size([1, 3, 32, 32, 32])
compare torch.Size([1, 3, 32, 32, 32]) torch.Size([1, 32, 32, 32]) torch.Size([1, 256, 256, 256])
Batch 1, Loss: 0.2067645639181137
subvx,subvy torch.Size([1, 1, 32, 32, 32]) torch.Size([1, 32, 32, 32])
xencoder torch.Size([1, 2, 128])
masks1 torch.Size([1, 3, 1, 1, 1])
masks2 torch.Size([1, 3, 32, 32, 32])
masks3 torch.Size([1, 3, 32, 32, 32])
compare torch.Size([1, 3, 32, 32, 32]) torch.Size([1, 32, 32, 32]) torch.Size([1, 256, 256, 256])
Batch 1, Loss: 0.20730826258659363
subvx,subvy torch.Size([1, 1, 32, 32, 32]) torch.Size([1, 32, 32, 32])
xencoder torch.Size([1, 2, 128])
masks1 torch.Size([1, 3, 1, 1, 1])
masks2 torch.Size([1, 3, 32, 32, 32])
masks3 torch.Size([1, 3, 32, 32, 32])
compare torch.Size([1, 3, 32, 32, 32]) torch.Size([1, 32, 32, 32]) torch.Size([1, 256, 256, 256])
Batch 1, Loss: 0.20371688902378082
subvx,subvy torch.Size([1, 1, 32, 32, 32]) torch.Size([1, 32, 32, 32])
xencoder torch.Size([1, 2, 128])
masks1 torch.Size([1, 3, 1, 1, 1])
masks2 torch.Size([1, 3, 32, 32, 32])
masks3 torch.Size([1, 3, 32, 32, 32])
compare torch.Size([1, 3, 32, 32, 32]) torch.Size([1, 32, 32, 32]) torch.Size([1, 256, 256, 256])
Batch 1, Loss: 0.2016066312789917
subvx,subvy torch.Size([1, 1, 32, 32, 32]) torch.Size([1, 32, 32, 32])
xencoder torch.Size([1, 2, 128])
masks1 torch.Size([1, 3, 1, 1, 1])
masks2 torch.Size([1, 3, 32, 32, 32])
masks3 torch.Size([1, 3, 32, 32, 32])
compare torch.Size([1, 3, 32, 32, 32]) torch.Size([1, 32, 32, 32]) torch.Size([1, 256, 256, 256])
Batch 1, Loss: 0.20073428750038147
subvx,subvy torch.Size([1, 1, 32, 32, 32]) torch.Size([1, 32, 32, 32])
xencoder torch.Size([1, 2, 128])
masks1 torch.Size([1, 3, 1, 1, 1])
masks2 torch.Size([1, 3, 32, 32, 32])
masks3 torch.Size([1, 3, 32, 32, 32])
compare torch.Size([1, 3, 32, 32, 32]) torch.Size([1, 32, 32, 32]) torch.Size([1, 256, 256, 256])
Batch 1, Loss: 0.2021235227584839
subvx,subvy torch.Size([1, 1, 32, 32, 32]) torch.Size([1, 32, 32, 32])
xencoder torch.Size([1, 2, 128])
masks1 torch.Size([1, 3, 1, 1, 1])
masks2 torch.Size([1, 3, 32, 32, 32])
masks3 torch.Size([1, 3, 32, 32, 32])
compare torch.Size([1, 3, 32, 32, 32]) torch.Size([1, 32, 32, 32]) torch.Size([1, 256, 256, 256])
Batch 1, Loss: 0.19992254674434662
subvx,subvy torch.Size([1, 1, 32, 32, 32]) torch.Size([1, 32, 32, 32])
xencoder torch.Size([1, 2, 128])
masks1 torch.Size([1, 3, 1, 1, 1])
masks2 torch.Size([1, 3, 32, 32, 32])
masks3 torch.Size([1, 3, 32, 32, 32])
compare torch.Size([1, 3, 32, 32, 32]) torch.Size([1, 32, 32, 32]) torch.Size([1, 256, 256, 256])
Batch 1, Loss: 0.19916720688343048
subvx,subvy torch.Size([1, 1, 32, 32, 32]) torch.Size([1, 32, 32, 32])
xencoder torch.Size([1, 2, 128])
masks1 torch.Size([1, 3, 1, 1, 1])
masks2 torch.Size([1, 3, 32, 32, 32])
masks3 torch.Size([1, 3, 32, 32, 32])
compare torch.Size([1, 3, 32, 32, 32]) torch.Size([1, 32, 32, 32]) torch.Size([1, 256, 256, 256])
Batch 1, Loss: 0.1995362788438797
subvx,subvy torch.Size([1, 1, 32, 32, 32]) torch.Size([1, 32, 32, 32])
xencoder torch.Size([1, 2, 128])
masks1 torch.Size([1, 3, 1, 1, 1])
masks2 torch.Size([1, 3, 32, 32, 32])
masks3 torch.Size([1, 3, 32, 32, 32])
compare torch.Size([1, 3, 32, 32, 32]) torch.Size([1, 32, 32, 32]) torch.Size([1, 256, 256, 256])
Batch 1, Loss: 0.19781911373138428
subvx,subvy torch.Size([1, 1, 32, 32, 32]) torch.Size([1, 32, 32, 32])
xencoder torch.Size([1, 2, 128])
masks1 torch.Size([1, 3, 1, 1, 1])
masks2 torch.Size([1, 3, 32, 32, 32])
masks3 torch.Size([1, 3, 32, 32, 32])
compare torch.Size([1, 3, 32, 32, 32]) torch.Size([1, 32, 32, 32]) torch.Size([1, 256, 256, 256])
Batch 1, Loss: 0.1980985403060913
subvx,subvy torch.Size([1, 1, 32, 32, 32]) torch.Size([1, 32, 32, 32])
xencoder torch.Size([1, 2, 128])
masks1 torch.Size([1, 3, 1, 1, 1])
masks2 torch.Size([1, 3, 32, 32, 32])
masks3 torch.Size([1, 3, 32, 32, 32])
compare torch.Size([1, 3, 32, 32, 32]) torch.Size([1, 32, 32, 32]) torch.Size([1, 256, 256, 256])
Batch 1, Loss: 0.19683171808719635
subvx,subvy torch.Size([1, 1, 32, 32, 32]) torch.Size([1, 32, 32, 32])
xencoder torch.Size([1, 2, 128])
masks1 torch.Size([1, 3, 1, 1, 1])
masks2 torch.Size([1, 3, 32, 32, 32])
masks3 torch.Size([1, 3, 32, 32, 32])
compare torch.Size([1, 3, 32, 32, 32]) torch.Size([1, 32, 32, 32]) torch.Size([1, 256, 256, 256])
Batch 1, Loss: 0.19732917845249176
subvx,subvy torch.Size([1, 1, 32, 32, 32]) torch.Size([1, 32, 32, 32])
xencoder torch.Size([1, 2, 128])
masks1 torch.Size([1, 3, 1, 1, 1])
masks2 torch.Size([1, 3, 32, 32, 32])
masks3 torch.Size([1, 3, 32, 32, 32])
compare torch.Size([1, 3, 32, 32, 32]) torch.Size([1, 32, 32, 32]) torch.Size([1, 256, 256, 256])
Batch 1, Loss: 0.1954011768102646
subvx,subvy torch.Size([1, 1, 32, 32, 32]) torch.Size([1, 32, 32, 32])
xencoder torch.Size([1, 2, 128])
masks1 torch.Size([1, 3, 1, 1, 1])
masks2 torch.Size([1, 3, 32, 32, 32])
masks3 torch.Size([1, 3, 32, 32, 32])
compare torch.Size([1, 3, 32, 32, 32]) torch.Size([1, 32, 32, 32]) torch.Size([1, 256, 256, 256])
Batch 1, Loss: 0.19485440850257874
subvx,subvy torch.Size([1, 1, 32, 32, 32]) torch.Size([1, 32, 32, 32])
xencoder torch.Size([1, 2, 128])
masks1 torch.Size([1, 3, 1, 1, 1])
masks2 torch.Size([1, 3, 32, 32, 32])
masks3 torch.Size([1, 3, 32, 32, 32])
compare torch.Size([1, 3, 32, 32, 32]) torch.Size([1, 32, 32, 32]) torch.Size([1, 256, 256, 256])
Batch 1, Loss: 0.19426871836185455
subvx,subvy torch.Size([1, 1, 32, 32, 32]) torch.Size([1, 32, 32, 32])
xencoder torch.Size([1, 2, 128])
masks1 torch.Size([1, 3, 1, 1, 1])
masks2 torch.Size([1, 3, 32, 32, 32])
masks3 torch.Size([1, 3, 32, 32, 32])
compare torch.Size([1, 3, 32, 32, 32]) torch.Size([1, 32, 32, 32]) torch.Size([1, 256, 256, 256])
Batch 1, Loss: 0.19370172917842865
subvx,subvy torch.Size([1, 1, 32, 32, 32]) torch.Size([1, 32, 32, 32])
xencoder torch.Size([1, 2, 128])
masks1 torch.Size([1, 3, 1, 1, 1])
masks2 torch.Size([1, 3, 32, 32, 32])
masks3 torch.Size([1, 3, 32, 32, 32])
compare torch.Size([1, 3, 32, 32, 32]) torch.Size([1, 32, 32, 32]) torch.Size([1, 256, 256, 256])
Batch 1, Loss: 0.1932363361120224
subvx,subvy torch.Size([1, 1, 32, 32, 32]) torch.Size([1, 32, 32, 32])
xencoder torch.Size([1, 2, 128])
masks1 torch.Size([1, 3, 1, 1, 1])
masks2 torch.Size([1, 3, 32, 32, 32])
masks3 torch.Size([1, 3, 32, 32, 32])
compare torch.Size([1, 3, 32, 32, 32]) torch.Size([1, 32, 32, 32]) torch.Size([1, 256, 256, 256])
Batch 1, Loss: 0.19317376613616943
subvx,subvy torch.Size([1, 1, 32, 32, 32]) torch.Size([1, 32, 32, 32])
xencoder torch.Size([1, 2, 128])
masks1 torch.Size([1, 3, 1, 1, 1])
masks2 torch.Size([1, 3, 32, 32, 32])
masks3 torch.Size([1, 3, 32, 32, 32])
compare torch.Size([1, 3, 32, 32, 32]) torch.Size([1, 32, 32, 32]) torch.Size([1, 256, 256, 256])
Batch 1, Loss: 0.19344134628772736
subvx,subvy torch.Size([1, 1, 32, 32, 32]) torch.Size([1, 32, 32, 32])
xencoder torch.Size([1, 2, 128])
masks1 torch.Size([1, 3, 1, 1, 1])
masks2 torch.Size([1, 3, 32, 32, 32])
masks3 torch.Size([1, 3, 32, 32, 32])
compare torch.Size([1, 3, 32, 32, 32]) torch.Size([1, 32, 32, 32]) torch.Size([1, 256, 256, 256])
Batch 1, Loss: 0.19247975945472717
subvx,subvy torch.Size([1, 1, 32, 32, 32]) torch.Size([1, 32, 32, 32])
xencoder torch.Size([1, 2, 128])
masks1 torch.Size([1, 3, 1, 1, 1])
masks2 torch.Size([1, 3, 32, 32, 32])
masks3 torch.Size([1, 3, 32, 32, 32])
compare torch.Size([1, 3, 32, 32, 32]) torch.Size([1, 32, 32, 32]) torch.Size([1, 256, 256, 256])
Batch 1, Loss: 0.19109311699867249
subvx,subvy torch.Size([1, 1, 32, 32, 32]) torch.Size([1, 32, 32, 32])
xencoder torch.Size([1, 2, 128])
masks1 torch.Size([1, 3, 1, 1, 1])
masks2 torch.Size([1, 3, 32, 32, 32])
masks3 torch.Size([1, 3, 32, 32, 32])
compare torch.Size([1, 3, 32, 32, 32]) torch.Size([1, 32, 32, 32]) torch.Size([1, 256, 256, 256])
Batch 1, Loss: 0.19037213921546936
subvx,subvy torch.Size([1, 1, 32, 32, 32]) torch.Size([1, 32, 32, 32])
xencoder torch.Size([1, 2, 128])
masks1 torch.Size([1, 3, 1, 1, 1])
masks2 torch.Size([1, 3, 32, 32, 32])
masks3 torch.Size([1, 3, 32, 32, 32])
compare torch.Size([1, 3, 32, 32, 32]) torch.Size([1, 32, 32, 32]) torch.Size([1, 256, 256, 256])
Batch 1, Loss: 0.18977303802967072
subvx,subvy torch.Size([1, 1, 32, 32, 32]) torch.Size([1, 32, 32, 32])
xencoder torch.Size([1, 2, 128])
masks1 torch.Size([1, 3, 1, 1, 1])
masks2 torch.Size([1, 3, 32, 32, 32])
masks3 torch.Size([1, 3, 32, 32, 32])
compare torch.Size([1, 3, 32, 32, 32]) torch.Size([1, 32, 32, 32]) torch.Size([1, 256, 256, 256])
Batch 1, Loss: 0.18926775455474854
subvx,subvy torch.Size([1, 1, 32, 32, 32]) torch.Size([1, 32, 32, 32])
xencoder torch.Size([1, 2, 128])
masks1 torch.Size([1, 3, 1, 1, 1])
masks2 torch.Size([1, 3, 32, 32, 32])
masks3 torch.Size([1, 3, 32, 32, 32])
compare torch.Size([1, 3, 32, 32, 32]) torch.Size([1, 32, 32, 32]) torch.Size([1, 256, 256, 256])
Batch 1, Loss: 0.18949173390865326
subvx,subvy torch.Size([1, 1, 32, 32, 32]) torch.Size([1, 32, 32, 32])
xencoder torch.Size([1, 2, 128])
masks1 torch.Size([1, 3, 1, 1, 1])
masks2 torch.Size([1, 3, 32, 32, 32])
masks3 torch.Size([1, 3, 32, 32, 32])
compare torch.Size([1, 3, 32, 32, 32]) torch.Size([1, 32, 32, 32]) torch.Size([1, 256, 256, 256])
Batch 1, Loss: 0.18854820728302002
subvx,subvy torch.Size([1, 1, 32, 32, 32]) torch.Size([1, 32, 32, 32])
xencoder torch.Size([1, 2, 128])
masks1 torch.Size([1, 3, 1, 1, 1])
masks2 torch.Size([1, 3, 32, 32, 32])
masks3 torch.Size([1, 3, 32, 32, 32])
compare torch.Size([1, 3, 32, 32, 32]) torch.Size([1, 32, 32, 32]) torch.Size([1, 256, 256, 256])
Batch 1, Loss: 0.1875433623790741
subvx,subvy torch.Size([1, 1, 32, 32, 32]) torch.Size([1, 32, 32, 32])
xencoder torch.Size([1, 2, 128])
masks1 torch.Size([1, 3, 1, 1, 1])
masks2 torch.Size([1, 3, 32, 32, 32])
masks3 torch.Size([1, 3, 32, 32, 32])
compare torch.Size([1, 3, 32, 32, 32]) torch.Size([1, 32, 32, 32]) torch.Size([1, 256, 256, 256])
Batch 1, Loss: 0.18757566809654236
subvx,subvy torch.Size([1, 1, 32, 32, 32]) torch.Size([1, 32, 32, 32])
xencoder torch.Size([1, 2, 128])
masks1 torch.Size([1, 3, 1, 1, 1])
masks2 torch.Size([1, 3, 32, 32, 32])
masks3 torch.Size([1, 3, 32, 32, 32])
compare torch.Size([1, 3, 32, 32, 32]) torch.Size([1, 32, 32, 32]) torch.Size([1, 256, 256, 256])
Batch 1, Loss: 0.18647798895835876
subvx,subvy torch.Size([1, 1, 32, 32, 32]) torch.Size([1, 32, 32, 32])
xencoder torch.Size([1, 2, 128])
masks1 torch.Size([1, 3, 1, 1, 1])
masks2 torch.Size([1, 3, 32, 32, 32])
masks3 torch.Size([1, 3, 32, 32, 32])
compare torch.Size([1, 3, 32, 32, 32]) torch.Size([1, 32, 32, 32]) torch.Size([1, 256, 256, 256])
Batch 1, Loss: 0.185915008187294
subvx,subvy torch.Size([1, 1, 32, 32, 32]) torch.Size([1, 32, 32, 32])
xencoder torch.Size([1, 2, 128])
masks1 torch.Size([1, 3, 1, 1, 1])
masks2 torch.Size([1, 3, 32, 32, 32])
masks3 torch.Size([1, 3, 32, 32, 32])
compare torch.Size([1, 3, 32, 32, 32]) torch.Size([1, 32, 32, 32]) torch.Size([1, 256, 256, 256])
Batch 1, Loss: 0.18544770777225494
subvx,subvy torch.Size([1, 1, 32, 32, 32]) torch.Size([1, 32, 32, 32])
xencoder torch.Size([1, 2, 128])
masks1 torch.Size([1, 3, 1, 1, 1])
masks2 torch.Size([1, 3, 32, 32, 32])
masks3 torch.Size([1, 3, 32, 32, 32])
compare torch.Size([1, 3, 32, 32, 32]) torch.Size([1, 32, 32, 32]) torch.Size([1, 256, 256, 256])
Batch 1, Loss: 0.18483272194862366
subvx,subvy torch.Size([1, 1, 32, 32, 32]) torch.Size([1, 32, 32, 32])
xencoder torch.Size([1, 2, 128])
masks1 torch.Size([1, 3, 1, 1, 1])
masks2 torch.Size([1, 3, 32, 32, 32])
masks3 torch.Size([1, 3, 32, 32, 32])
compare torch.Size([1, 3, 32, 32, 32]) torch.Size([1, 32, 32, 32]) torch.Size([1, 256, 256, 256])
Batch 1, Loss: 0.1850387156009674
subvx,subvy torch.Size([1, 1, 32, 32, 32]) torch.Size([1, 32, 32, 32])
xencoder torch.Size([1, 2, 128])
masks1 torch.Size([1, 3, 1, 1, 1])
masks2 torch.Size([1, 3, 32, 32, 32])
masks3 torch.Size([1, 3, 32, 32, 32])
compare torch.Size([1, 3, 32, 32, 32]) torch.Size([1, 32, 32, 32]) torch.Size([1, 256, 256, 256])
Batch 1, Loss: 0.1838448941707611
subvx,subvy torch.Size([1, 1, 32, 32, 32]) torch.Size([1, 32, 32, 32])
xencoder torch.Size([1, 2, 128])
masks1 torch.Size([1, 3, 1, 1, 1])
masks2 torch.Size([1, 3, 32, 32, 32])
masks3 torch.Size([1, 3, 32, 32, 32])
compare torch.Size([1, 3, 32, 32, 32]) torch.Size([1, 32, 32, 32]) torch.Size([1, 256, 256, 256])
Batch 1, Loss: 0.18316559493541718
subvx,subvy torch.Size([1, 1, 32, 32, 32]) torch.Size([1, 32, 32, 32])
xencoder torch.Size([1, 2, 128])
masks1 torch.Size([1, 3, 1, 1, 1])
masks2 torch.Size([1, 3, 32, 32, 32])
masks3 torch.Size([1, 3, 32, 32, 32])
compare torch.Size([1, 3, 32, 32, 32]) torch.Size([1, 32, 32, 32]) torch.Size([1, 256, 256, 256])
Batch 1, Loss: 0.18277980387210846
subvx,subvy torch.Size([1, 1, 32, 32, 32]) torch.Size([1, 32, 32, 32])
xencoder torch.Size([1, 2, 128])
masks1 torch.Size([1, 3, 1, 1, 1])
masks2 torch.Size([1, 3, 32, 32, 32])
masks3 torch.Size([1, 3, 32, 32, 32])
compare torch.Size([1, 3, 32, 32, 32]) torch.Size([1, 32, 32, 32]) torch.Size([1, 256, 256, 256])
Batch 1, Loss: 0.18246081471443176
subvx,subvy torch.Size([1, 1, 32, 32, 32]) torch.Size([1, 32, 32, 32])
xencoder torch.Size([1, 2, 128])
masks1 torch.Size([1, 3, 1, 1, 1])
masks2 torch.Size([1, 3, 32, 32, 32])
masks3 torch.Size([1, 3, 32, 32, 32])
compare torch.Size([1, 3, 32, 32, 32]) torch.Size([1, 32, 32, 32]) torch.Size([1, 256, 256, 256])
Batch 1, Loss: 0.1819896250963211
subvx,subvy torch.Size([1, 1, 32, 32, 32]) torch.Size([1, 32, 32, 32])
xencoder torch.Size([1, 2, 128])
masks1 torch.Size([1, 3, 1, 1, 1])
masks2 torch.Size([1, 3, 32, 32, 32])
masks3 torch.Size([1, 3, 32, 32, 32])
compare torch.Size([1, 3, 32, 32, 32]) torch.Size([1, 32, 32, 32]) torch.Size([1, 256, 256, 256])
Batch 1, Loss: 0.1811888962984085
subvx,subvy torch.Size([1, 1, 32, 32, 32]) torch.Size([1, 32, 32, 32])
xencoder torch.Size([1, 2, 128])
masks1 torch.Size([1, 3, 1, 1, 1])
masks2 torch.Size([1, 3, 32, 32, 32])
masks3 torch.Size([1, 3, 32, 32, 32])
compare torch.Size([1, 3, 32, 32, 32]) torch.Size([1, 32, 32, 32]) torch.Size([1, 256, 256, 256])
Batch 1, Loss: 0.18048332631587982
subvx,subvy torch.Size([1, 1, 32, 32, 32]) torch.Size([1, 32, 32, 32])
xencoder torch.Size([1, 2, 128])
masks1 torch.Size([1, 3, 1, 1, 1])
masks2 torch.Size([1, 3, 32, 32, 32])
masks3 torch.Size([1, 3, 32, 32, 32])
compare torch.Size([1, 3, 32, 32, 32]) torch.Size([1, 32, 32, 32]) torch.Size([1, 256, 256, 256])
Batch 1, Loss: 0.18043281137943268
subvx,subvy torch.Size([1, 1, 32, 32, 32]) torch.Size([1, 32, 32, 32])
xencoder torch.Size([1, 2, 128])
masks1 torch.Size([1, 3, 1, 1, 1])
masks2 torch.Size([1, 3, 32, 32, 32])
masks3 torch.Size([1, 3, 32, 32, 32])
compare torch.Size([1, 3, 32, 32, 32]) torch.Size([1, 32, 32, 32]) torch.Size([1, 256, 256, 256])
Batch 1, Loss: 0.17951826751232147
subvx,subvy torch.Size([1, 1, 32, 32, 32]) torch.Size([1, 32, 32, 32])
xencoder torch.Size([1, 2, 128])
masks1 torch.Size([1, 3, 1, 1, 1])
masks2 torch.Size([1, 3, 32, 32, 32])
masks3 torch.Size([1, 3, 32, 32, 32])
compare torch.Size([1, 3, 32, 32, 32]) torch.Size([1, 32, 32, 32]) torch.Size([1, 256, 256, 256])
Batch 1, Loss: 0.17884300649166107
subvx,subvy torch.Size([1, 1, 32, 32, 32]) torch.Size([1, 32, 32, 32])
xencoder torch.Size([1, 2, 128])
masks1 torch.Size([1, 3, 1, 1, 1])
masks2 torch.Size([1, 3, 32, 32, 32])
masks3 torch.Size([1, 3, 32, 32, 32])
compare torch.Size([1, 3, 32, 32, 32]) torch.Size([1, 32, 32, 32]) torch.Size([1, 256, 256, 256])
Batch 1, Loss: 0.178636372089386
subvx,subvy torch.Size([1, 1, 32, 32, 32]) torch.Size([1, 32, 32, 32])
xencoder torch.Size([1, 2, 128])
masks1 torch.Size([1, 3, 1, 1, 1])
masks2 torch.Size([1, 3, 32, 32, 32])
masks3 torch.Size([1, 3, 32, 32, 32])
compare torch.Size([1, 3, 32, 32, 32]) torch.Size([1, 32, 32, 32]) torch.Size([1, 256, 256, 256])
Batch 1, Loss: 0.17784549295902252
subvx,subvy torch.Size([1, 1, 32, 32, 32]) torch.Size([1, 32, 32, 32])
xencoder torch.Size([1, 2, 128])
masks1 torch.Size([1, 3, 1, 1, 1])
masks2 torch.Size([1, 3, 32, 32, 32])
masks3 torch.Size([1, 3, 32, 32, 32])
compare torch.Size([1, 3, 32, 32, 32]) torch.Size([1, 32, 32, 32]) torch.Size([1, 256, 256, 256])
Batch 1, Loss: 0.17725403606891632
subvx,subvy torch.Size([1, 1, 32, 32, 32]) torch.Size([1, 32, 32, 32])
xencoder torch.Size([1, 2, 128])
masks1 torch.Size([1, 3, 1, 1, 1])
masks2 torch.Size([1, 3, 32, 32, 32])
masks3 torch.Size([1, 3, 32, 32, 32])
compare torch.Size([1, 3, 32, 32, 32]) torch.Size([1, 32, 32, 32]) torch.Size([1, 256, 256, 256])
Batch 1, Loss: 0.1772332638502121
subvx,subvy torch.Size([1, 1, 32, 32, 32]) torch.Size([1, 32, 32, 32])
xencoder torch.Size([1, 2, 128])
masks1 torch.Size([1, 3, 1, 1, 1])
masks2 torch.Size([1, 3, 32, 32, 32])
masks3 torch.Size([1, 3, 32, 32, 32])
compare torch.Size([1, 3, 32, 32, 32]) torch.Size([1, 32, 32, 32]) torch.Size([1, 256, 256, 256])
Batch 1, Loss: 0.17654672265052795
subvx,subvy torch.Size([1, 1, 32, 32, 32]) torch.Size([1, 32, 32, 32])
xencoder torch.Size([1, 2, 128])
masks1 torch.Size([1, 3, 1, 1, 1])
masks2 torch.Size([1, 3, 32, 32, 32])
masks3 torch.Size([1, 3, 32, 32, 32])
compare torch.Size([1, 3, 32, 32, 32]) torch.Size([1, 32, 32, 32]) torch.Size([1, 256, 256, 256])
Batch 1, Loss: 0.17582134902477264
subvx,subvy torch.Size([1, 1, 32, 32, 32]) torch.Size([1, 32, 32, 32])
xencoder torch.Size([1, 2, 128])
masks1 torch.Size([1, 3, 1, 1, 1])
masks2 torch.Size([1, 3, 32, 32, 32])
masks3 torch.Size([1, 3, 32, 32, 32])
compare torch.Size([1, 3, 32, 32, 32]) torch.Size([1, 32, 32, 32]) torch.Size([1, 256, 256, 256])
Batch 1, Loss: 0.1751611977815628
subvx,subvy torch.Size([1, 1, 32, 32, 32]) torch.Size([1, 32, 32, 32])
xencoder torch.Size([1, 2, 128])
masks1 torch.Size([1, 3, 1, 1, 1])
masks2 torch.Size([1, 3, 32, 32, 32])
masks3 torch.Size([1, 3, 32, 32, 32])
compare torch.Size([1, 3, 32, 32, 32]) torch.Size([1, 32, 32, 32]) torch.Size([1, 256, 256, 256])
Batch 1, Loss: 0.17463286221027374
subvx,subvy torch.Size([1, 1, 32, 32, 32]) torch.Size([1, 32, 32, 32])
xencoder torch.Size([1, 2, 128])
masks1 torch.Size([1, 3, 1, 1, 1])
masks2 torch.Size([1, 3, 32, 32, 32])
masks3 torch.Size([1, 3, 32, 32, 32])
compare torch.Size([1, 3, 32, 32, 32]) torch.Size([1, 32, 32, 32]) torch.Size([1, 256, 256, 256])
Batch 1, Loss: 0.17430587112903595
subvx,subvy torch.Size([1, 1, 32, 32, 32]) torch.Size([1, 32, 32, 32])
xencoder torch.Size([1, 2, 128])
masks1 torch.Size([1, 3, 1, 1, 1])
masks2 torch.Size([1, 3, 32, 32, 32])
masks3 torch.Size([1, 3, 32, 32, 32])
compare torch.Size([1, 3, 32, 32, 32]) torch.Size([1, 32, 32, 32]) torch.Size([1, 256, 256, 256])
Batch 1, Loss: 0.1736564189195633
subvx,subvy torch.Size([1, 1, 32, 32, 32]) torch.Size([1, 32, 32, 32])
xencoder torch.Size([1, 2, 128])
masks1 torch.Size([1, 3, 1, 1, 1])
masks2 torch.Size([1, 3, 32, 32, 32])
masks3 torch.Size([1, 3, 32, 32, 32])
compare torch.Size([1, 3, 32, 32, 32]) torch.Size([1, 32, 32, 32]) torch.Size([1, 256, 256, 256])
Batch 1, Loss: 0.1730872541666031
subvx,subvy torch.Size([1, 1, 32, 32, 32]) torch.Size([1, 32, 32, 32])
xencoder torch.Size([1, 2, 128])
masks1 torch.Size([1, 3, 1, 1, 1])
masks2 torch.Size([1, 3, 32, 32, 32])
masks3 torch.Size([1, 3, 32, 32, 32])
compare torch.Size([1, 3, 32, 32, 32]) torch.Size([1, 32, 32, 32]) torch.Size([1, 256, 256, 256])
Batch 1, Loss: 0.17265446484088898
subvx,subvy torch.Size([1, 1, 32, 32, 32]) torch.Size([1, 32, 32, 32])
xencoder torch.Size([1, 2, 128])
masks1 torch.Size([1, 3, 1, 1, 1])
masks2 torch.Size([1, 3, 32, 32, 32])
masks3 torch.Size([1, 3, 32, 32, 32])
compare torch.Size([1, 3, 32, 32, 32]) torch.Size([1, 32, 32, 32]) torch.Size([1, 256, 256, 256])
Batch 1, Loss: 0.17231594026088715
subvx,subvy torch.Size([1, 1, 32, 32, 32]) torch.Size([1, 32, 32, 32])
xencoder torch.Size([1, 2, 128])
masks1 torch.Size([1, 3, 1, 1, 1])
masks2 torch.Size([1, 3, 32, 32, 32])
masks3 torch.Size([1, 3, 32, 32, 32])
compare torch.Size([1, 3, 32, 32, 32]) torch.Size([1, 32, 32, 32]) torch.Size([1, 256, 256, 256])
Batch 1, Loss: 0.17204569280147552
subvx,subvy torch.Size([1, 1, 32, 32, 32]) torch.Size([1, 32, 32, 32])
xencoder torch.Size([1, 2, 128])
masks1 torch.Size([1, 3, 1, 1, 1])
masks2 torch.Size([1, 3, 32, 32, 32])
masks3 torch.Size([1, 3, 32, 32, 32])
compare torch.Size([1, 3, 32, 32, 32]) torch.Size([1, 32, 32, 32]) torch.Size([1, 256, 256, 256])
Batch 1, Loss: 0.171029731631279
subvx,subvy torch.Size([1, 1, 32, 32, 32]) torch.Size([1, 32, 32, 32])
xencoder torch.Size([1, 2, 128])
masks1 torch.Size([1, 3, 1, 1, 1])
masks2 torch.Size([1, 3, 32, 32, 32])
masks3 torch.Size([1, 3, 32, 32, 32])
compare torch.Size([1, 3, 32, 32, 32]) torch.Size([1, 32, 32, 32]) torch.Size([1, 256, 256, 256])
Batch 1, Loss: 0.17059235274791718
subvx,subvy torch.Size([1, 1, 32, 32, 32]) torch.Size([1, 32, 32, 32])
xencoder torch.Size([1, 2, 128])
masks1 torch.Size([1, 3, 1, 1, 1])
masks2 torch.Size([1, 3, 32, 32, 32])
masks3 torch.Size([1, 3, 32, 32, 32])
compare torch.Size([1, 3, 32, 32, 32]) torch.Size([1, 32, 32, 32]) torch.Size([1, 256, 256, 256])
Batch 1, Loss: 0.17001421749591827
subvx,subvy torch.Size([1, 1, 32, 32, 32]) torch.Size([1, 32, 32, 32])
xencoder torch.Size([1, 2, 128])
masks1 torch.Size([1, 3, 1, 1, 1])
masks2 torch.Size([1, 3, 32, 32, 32])
masks3 torch.Size([1, 3, 32, 32, 32])
compare torch.Size([1, 3, 32, 32, 32]) torch.Size([1, 32, 32, 32]) torch.Size([1, 256, 256, 256])
Batch 1, Loss: 0.16951464116573334
subvx,subvy torch.Size([1, 1, 32, 32, 32]) torch.Size([1, 32, 32, 32])
xencoder torch.Size([1, 2, 128])
masks1 torch.Size([1, 3, 1, 1, 1])
masks2 torch.Size([1, 3, 32, 32, 32])
masks3 torch.Size([1, 3, 32, 32, 32])
compare torch.Size([1, 3, 32, 32, 32]) torch.Size([1, 32, 32, 32]) torch.Size([1, 256, 256, 256])
Batch 1, Loss: 0.16903065145015717
subvx,subvy torch.Size([1, 1, 32, 32, 32]) torch.Size([1, 32, 32, 32])
xencoder torch.Size([1, 2, 128])
masks1 torch.Size([1, 3, 1, 1, 1])
masks2 torch.Size([1, 3, 32, 32, 32])
masks3 torch.Size([1, 3, 32, 32, 32])
compare torch.Size([1, 3, 32, 32, 32]) torch.Size([1, 32, 32, 32]) torch.Size([1, 256, 256, 256])
Batch 1, Loss: 0.1685144156217575
subvx,subvy torch.Size([1, 1, 32, 32, 32]) torch.Size([1, 32, 32, 32])
xencoder torch.Size([1, 2, 128])
masks1 torch.Size([1, 3, 1, 1, 1])
masks2 torch.Size([1, 3, 32, 32, 32])
masks3 torch.Size([1, 3, 32, 32, 32])
compare torch.Size([1, 3, 32, 32, 32]) torch.Size([1, 32, 32, 32]) torch.Size([1, 256, 256, 256])
Batch 1, Loss: 0.16803880035877228
subvx,subvy torch.Size([1, 1, 32, 32, 32]) torch.Size([1, 32, 32, 32])
xencoder torch.Size([1, 2, 128])
masks1 torch.Size([1, 3, 1, 1, 1])
masks2 torch.Size([1, 3, 32, 32, 32])
masks3 torch.Size([1, 3, 32, 32, 32])
compare torch.Size([1, 3, 32, 32, 32]) torch.Size([1, 32, 32, 32]) torch.Size([1, 256, 256, 256])
Batch 1, Loss: 0.16753976047039032
subvx,subvy torch.Size([1, 1, 32, 32, 32]) torch.Size([1, 32, 32, 32])
xencoder torch.Size([1, 2, 128])
masks1 torch.Size([1, 3, 1, 1, 1])
masks2 torch.Size([1, 3, 32, 32, 32])
masks3 torch.Size([1, 3, 32, 32, 32])
compare torch.Size([1, 3, 32, 32, 32]) torch.Size([1, 32, 32, 32]) torch.Size([1, 256, 256, 256])
Batch 1, Loss: 0.16721631586551666
subvx,subvy torch.Size([1, 1, 32, 32, 32]) torch.Size([1, 32, 32, 32])
xencoder torch.Size([1, 2, 128])
masks1 torch.Size([1, 3, 1, 1, 1])
masks2 torch.Size([1, 3, 32, 32, 32])
masks3 torch.Size([1, 3, 32, 32, 32])
compare torch.Size([1, 3, 32, 32, 32]) torch.Size([1, 32, 32, 32]) torch.Size([1, 256, 256, 256])
Batch 1, Loss: 0.16653792560100555
subvx,subvy torch.Size([1, 1, 32, 32, 32]) torch.Size([1, 32, 32, 32])
xencoder torch.Size([1, 2, 128])
masks1 torch.Size([1, 3, 1, 1, 1])
masks2 torch.Size([1, 3, 32, 32, 32])
masks3 torch.Size([1, 3, 32, 32, 32])
compare torch.Size([1, 3, 32, 32, 32]) torch.Size([1, 32, 32, 32]) torch.Size([1, 256, 256, 256])
Batch 1, Loss: 0.16626928746700287
subvx,subvy torch.Size([1, 1, 32, 32, 32]) torch.Size([1, 32, 32, 32])
xencoder torch.Size([1, 2, 128])
masks1 torch.Size([1, 3, 1, 1, 1])
masks2 torch.Size([1, 3, 32, 32, 32])
masks3 torch.Size([1, 3, 32, 32, 32])
compare torch.Size([1, 3, 32, 32, 32]) torch.Size([1, 32, 32, 32]) torch.Size([1, 256, 256, 256])
Batch 1, Loss: 0.1655411720275879
subvx,subvy torch.Size([1, 1, 32, 32, 32]) torch.Size([1, 32, 32, 32])
xencoder torch.Size([1, 2, 128])
masks1 torch.Size([1, 3, 1, 1, 1])
masks2 torch.Size([1, 3, 32, 32, 32])
masks3 torch.Size([1, 3, 32, 32, 32])
compare torch.Size([1, 3, 32, 32, 32]) torch.Size([1, 32, 32, 32]) torch.Size([1, 256, 256, 256])
Batch 1, Loss: 0.16503764688968658
subvx,subvy torch.Size([1, 1, 32, 32, 32]) torch.Size([1, 32, 32, 32])
xencoder torch.Size([1, 2, 128])
masks1 torch.Size([1, 3, 1, 1, 1])
masks2 torch.Size([1, 3, 32, 32, 32])
masks3 torch.Size([1, 3, 32, 32, 32])
compare torch.Size([1, 3, 32, 32, 32]) torch.Size([1, 32, 32, 32]) torch.Size([1, 256, 256, 256])
Batch 1, Loss: 0.16454873979091644
subvx,subvy torch.Size([1, 1, 32, 32, 32]) torch.Size([1, 32, 32, 32])
xencoder torch.Size([1, 2, 128])
masks1 torch.Size([1, 3, 1, 1, 1])
masks2 torch.Size([1, 3, 32, 32, 32])
masks3 torch.Size([1, 3, 32, 32, 32])
compare torch.Size([1, 3, 32, 32, 32]) torch.Size([1, 32, 32, 32]) torch.Size([1, 256, 256, 256])
Batch 1, Loss: 0.16408807039260864
subvx,subvy torch.Size([1, 1, 32, 32, 32]) torch.Size([1, 32, 32, 32])
xencoder torch.Size([1, 2, 128])
masks1 torch.Size([1, 3, 1, 1, 1])
masks2 torch.Size([1, 3, 32, 32, 32])
masks3 torch.Size([1, 3, 32, 32, 32])
compare torch.Size([1, 3, 32, 32, 32]) torch.Size([1, 32, 32, 32]) torch.Size([1, 256, 256, 256])
Batch 1, Loss: 0.1635785549879074
subvx,subvy torch.Size([1, 1, 32, 32, 32]) torch.Size([1, 32, 32, 32])
xencoder torch.Size([1, 2, 128])
masks1 torch.Size([1, 3, 1, 1, 1])
masks2 torch.Size([1, 3, 32, 32, 32])
masks3 torch.Size([1, 3, 32, 32, 32])
compare torch.Size([1, 3, 32, 32, 32]) torch.Size([1, 32, 32, 32]) torch.Size([1, 256, 256, 256])
Batch 1, Loss: 0.16318221390247345
subvx,subvy torch.Size([1, 1, 32, 32, 32]) torch.Size([1, 32, 32, 32])
xencoder torch.Size([1, 2, 128])
masks1 torch.Size([1, 3, 1, 1, 1])
masks2 torch.Size([1, 3, 32, 32, 32])
masks3 torch.Size([1, 3, 32, 32, 32])
compare torch.Size([1, 3, 32, 32, 32]) torch.Size([1, 32, 32, 32]) torch.Size([1, 256, 256, 256])
Batch 1, Loss: 0.16273118555545807
subvx,subvy torch.Size([1, 1, 32, 32, 32]) torch.Size([1, 32, 32, 32])
xencoder torch.Size([1, 2, 128])
masks1 torch.Size([1, 3, 1, 1, 1])
masks2 torch.Size([1, 3, 32, 32, 32])
masks3 torch.Size([1, 3, 32, 32, 32])
compare torch.Size([1, 3, 32, 32, 32]) torch.Size([1, 32, 32, 32]) torch.Size([1, 256, 256, 256])
Batch 1, Loss: 0.16296477615833282
subvx,subvy torch.Size([1, 1, 32, 32, 32]) torch.Size([1, 32, 32, 32])
xencoder torch.Size([1, 2, 128])
masks1 torch.Size([1, 3, 1, 1, 1])
masks2 torch.Size([1, 3, 32, 32, 32])
masks3 torch.Size([1, 3, 32, 32, 32])
compare torch.Size([1, 3, 32, 32, 32]) torch.Size([1, 32, 32, 32]) torch.Size([1, 256, 256, 256])
Batch 1, Loss: 0.1616559475660324
subvx,subvy torch.Size([1, 1, 32, 32, 32]) torch.Size([1, 32, 32, 32])
xencoder torch.Size([1, 2, 128])
masks1 torch.Size([1, 3, 1, 1, 1])
masks2 torch.Size([1, 3, 32, 32, 32])
masks3 torch.Size([1, 3, 32, 32, 32])
compare torch.Size([1, 3, 32, 32, 32]) torch.Size([1, 32, 32, 32]) torch.Size([1, 256, 256, 256])
Batch 1, Loss: 0.16120199859142303
subvx,subvy torch.Size([1, 1, 32, 32, 32]) torch.Size([1, 32, 32, 32])
xencoder torch.Size([1, 2, 128])
masks1 torch.Size([1, 3, 1, 1, 1])
masks2 torch.Size([1, 3, 32, 32, 32])
masks3 torch.Size([1, 3, 32, 32, 32])
compare torch.Size([1, 3, 32, 32, 32]) torch.Size([1, 32, 32, 32]) torch.Size([1, 256, 256, 256])
Batch 1, Loss: 0.16086214780807495
subvx,subvy torch.Size([1, 1, 32, 32, 32]) torch.Size([1, 32, 32, 32])
xencoder torch.Size([1, 2, 128])
masks1 torch.Size([1, 3, 1, 1, 1])
masks2 torch.Size([1, 3, 32, 32, 32])
masks3 torch.Size([1, 3, 32, 32, 32])
compare torch.Size([1, 3, 32, 32, 32]) torch.Size([1, 32, 32, 32]) torch.Size([1, 256, 256, 256])
Batch 1, Loss: 0.16026704013347626
subvx,subvy torch.Size([1, 1, 32, 32, 32]) torch.Size([1, 32, 32, 32])
xencoder torch.Size([1, 2, 128])
masks1 torch.Size([1, 3, 1, 1, 1])
masks2 torch.Size([1, 3, 32, 32, 32])
masks3 torch.Size([1, 3, 32, 32, 32])
compare torch.Size([1, 3, 32, 32, 32]) torch.Size([1, 32, 32, 32]) torch.Size([1, 256, 256, 256])
Batch 1, Loss: 0.15975861251354218
subvx,subvy torch.Size([1, 1, 32, 32, 32]) torch.Size([1, 32, 32, 32])
xencoder torch.Size([1, 2, 128])
masks1 torch.Size([1, 3, 1, 1, 1])
masks2 torch.Size([1, 3, 32, 32, 32])
masks3 torch.Size([1, 3, 32, 32, 32])
compare torch.Size([1, 3, 32, 32, 32]) torch.Size([1, 32, 32, 32]) torch.Size([1, 256, 256, 256])
Batch 1, Loss: 0.15977482497692108
subvx,subvy torch.Size([1, 1, 32, 32, 32]) torch.Size([1, 32, 32, 32])
xencoder torch.Size([1, 2, 128])
masks1 torch.Size([1, 3, 1, 1, 1])
masks2 torch.Size([1, 3, 32, 32, 32])
masks3 torch.Size([1, 3, 32, 32, 32])
compare torch.Size([1, 3, 32, 32, 32]) torch.Size([1, 32, 32, 32]) torch.Size([1, 256, 256, 256])
Batch 1, Loss: 0.15884019434452057
subvx,subvy torch.Size([1, 1, 32, 32, 32]) torch.Size([1, 32, 32, 32])
xencoder torch.Size([1, 2, 128])
masks1 torch.Size([1, 3, 1, 1, 1])
masks2 torch.Size([1, 3, 32, 32, 32])
masks3 torch.Size([1, 3, 32, 32, 32])
compare torch.Size([1, 3, 32, 32, 32]) torch.Size([1, 32, 32, 32]) torch.Size([1, 256, 256, 256])
Batch 1, Loss: 0.15838080644607544
subvx,subvy torch.Size([1, 1, 32, 32, 32]) torch.Size([1, 32, 32, 32])
xencoder torch.Size([1, 2, 128])
masks1 torch.Size([1, 3, 1, 1, 1])
masks2 torch.Size([1, 3, 32, 32, 32])
masks3 torch.Size([1, 3, 32, 32, 32])
compare torch.Size([1, 3, 32, 32, 32]) torch.Size([1, 32, 32, 32]) torch.Size([1, 256, 256, 256])
Batch 1, Loss: 0.1578843891620636
subvx,subvy torch.Size([1, 1, 32, 32, 32]) torch.Size([1, 32, 32, 32])
xencoder torch.Size([1, 2, 128])
masks1 torch.Size([1, 3, 1, 1, 1])
masks2 torch.Size([1, 3, 32, 32, 32])
masks3 torch.Size([1, 3, 32, 32, 32])
compare torch.Size([1, 3, 32, 32, 32]) torch.Size([1, 32, 32, 32]) torch.Size([1, 256, 256, 256])
Batch 1, Loss: 0.15753407776355743
subvx,subvy torch.Size([1, 1, 32, 32, 32]) torch.Size([1, 32, 32, 32])
xencoder torch.Size([1, 2, 128])
masks1 torch.Size([1, 3, 1, 1, 1])
masks2 torch.Size([1, 3, 32, 32, 32])
masks3 torch.Size([1, 3, 32, 32, 32])
compare torch.Size([1, 3, 32, 32, 32]) torch.Size([1, 32, 32, 32]) torch.Size([1, 256, 256, 256])
Batch 1, Loss: 0.1570596545934677
subvx,subvy torch.Size([1, 1, 32, 32, 32]) torch.Size([1, 32, 32, 32])
xencoder torch.Size([1, 2, 128])
masks1 torch.Size([1, 3, 1, 1, 1])
masks2 torch.Size([1, 3, 32, 32, 32])
masks3 torch.Size([1, 3, 32, 32, 32])
compare torch.Size([1, 3, 32, 32, 32]) torch.Size([1, 32, 32, 32]) torch.Size([1, 256, 256, 256])
Batch 1, Loss: 0.15695428848266602
subvx,subvy torch.Size([1, 1, 32, 32, 32]) torch.Size([1, 32, 32, 32])
xencoder torch.Size([1, 2, 128])
masks1 torch.Size([1, 3, 1, 1, 1])
masks2 torch.Size([1, 3, 32, 32, 32])
masks3 torch.Size([1, 3, 32, 32, 32])
compare torch.Size([1, 3, 32, 32, 32]) torch.Size([1, 32, 32, 32]) torch.Size([1, 256, 256, 256])
Batch 1, Loss: 0.1560395359992981
subvx,subvy torch.Size([1, 1, 32, 32, 32]) torch.Size([1, 32, 32, 32])
xencoder torch.Size([1, 2, 128])
masks1 torch.Size([1, 3, 1, 1, 1])
masks2 torch.Size([1, 3, 32, 32, 32])
masks3 torch.Size([1, 3, 32, 32, 32])
compare torch.Size([1, 3, 32, 32, 32]) torch.Size([1, 32, 32, 32]) torch.Size([1, 256, 256, 256])
Batch 1, Loss: 0.15568622946739197
subvx,subvy torch.Size([1, 1, 32, 32, 32]) torch.Size([1, 32, 32, 32])
xencoder torch.Size([1, 2, 128])
masks1 torch.Size([1, 3, 1, 1, 1])
masks2 torch.Size([1, 3, 32, 32, 32])
masks3 torch.Size([1, 3, 32, 32, 32])
compare torch.Size([1, 3, 32, 32, 32]) torch.Size([1, 32, 32, 32]) torch.Size([1, 256, 256, 256])
Batch 1, Loss: 0.1551966518163681
subvx,subvy torch.Size([1, 1, 32, 32, 32]) torch.Size([1, 32, 32, 32])
xencoder torch.Size([1, 2, 128])
masks1 torch.Size([1, 3, 1, 1, 1])
masks2 torch.Size([1, 3, 32, 32, 32])
masks3 torch.Size([1, 3, 32, 32, 32])
compare torch.Size([1, 3, 32, 32, 32]) torch.Size([1, 32, 32, 32]) torch.Size([1, 256, 256, 256])
Batch 1, Loss: 0.1546728014945984
subvx,subvy torch.Size([1, 1, 32, 32, 32]) torch.Size([1, 32, 32, 32])
xencoder torch.Size([1, 2, 128])
masks1 torch.Size([1, 3, 1, 1, 1])
masks2 torch.Size([1, 3, 32, 32, 32])
masks3 torch.Size([1, 3, 32, 32, 32])
compare torch.Size([1, 3, 32, 32, 32]) torch.Size([1, 32, 32, 32]) torch.Size([1, 256, 256, 256])
Batch 1, Loss: 0.15425127744674683
subvx,subvy torch.Size([1, 1, 32, 32, 32]) torch.Size([1, 32, 32, 32])
xencoder torch.Size([1, 2, 128])
masks1 torch.Size([1, 3, 1, 1, 1])
masks2 torch.Size([1, 3, 32, 32, 32])
masks3 torch.Size([1, 3, 32, 32, 32])
compare torch.Size([1, 3, 32, 32, 32]) torch.Size([1, 32, 32, 32]) torch.Size([1, 256, 256, 256])
Batch 1, Loss: 0.15377077460289001
subvx,subvy torch.Size([1, 1, 32, 32, 32]) torch.Size([1, 32, 32, 32])
xencoder torch.Size([1, 2, 128])
masks1 torch.Size([1, 3, 1, 1, 1])
masks2 torch.Size([1, 3, 32, 32, 32])
masks3 torch.Size([1, 3, 32, 32, 32])
compare torch.Size([1, 3, 32, 32, 32]) torch.Size([1, 32, 32, 32]) torch.Size([1, 256, 256, 256])
Batch 1, Loss: 0.15364952385425568
subvx,subvy torch.Size([1, 1, 32, 32, 32]) torch.Size([1, 32, 32, 32])
xencoder torch.Size([1, 2, 128])
masks1 torch.Size([1, 3, 1, 1, 1])
masks2 torch.Size([1, 3, 32, 32, 32])
masks3 torch.Size([1, 3, 32, 32, 32])
compare torch.Size([1, 3, 32, 32, 32]) torch.Size([1, 32, 32, 32]) torch.Size([1, 256, 256, 256])
Batch 1, Loss: 0.1529739648103714
subvx,subvy torch.Size([1, 1, 32, 32, 32]) torch.Size([1, 32, 32, 32])
xencoder torch.Size([1, 2, 128])
masks1 torch.Size([1, 3, 1, 1, 1])
masks2 torch.Size([1, 3, 32, 32, 32])
masks3 torch.Size([1, 3, 32, 32, 32])
compare torch.Size([1, 3, 32, 32, 32]) torch.Size([1, 32, 32, 32]) torch.Size([1, 256, 256, 256])
Batch 1, Loss: 0.15246376395225525
subvx,subvy torch.Size([1, 1, 32, 32, 32]) torch.Size([1, 32, 32, 32])
xencoder torch.Size([1, 2, 128])
masks1 torch.Size([1, 3, 1, 1, 1])
masks2 torch.Size([1, 3, 32, 32, 32])
masks3 torch.Size([1, 3, 32, 32, 32])
compare torch.Size([1, 3, 32, 32, 32]) torch.Size([1, 32, 32, 32]) torch.Size([1, 256, 256, 256])
Batch 1, Loss: 0.15199469029903412
subvx,subvy torch.Size([1, 1, 32, 32, 32]) torch.Size([1, 32, 32, 32])
xencoder torch.Size([1, 2, 128])
masks1 torch.Size([1, 3, 1, 1, 1])
masks2 torch.Size([1, 3, 32, 32, 32])
masks3 torch.Size([1, 3, 32, 32, 32])
compare torch.Size([1, 3, 32, 32, 32]) torch.Size([1, 32, 32, 32]) torch.Size([1, 256, 256, 256])
Batch 1, Loss: 0.15235094726085663
subvx,subvy torch.Size([1, 1, 32, 32, 32]) torch.Size([1, 32, 32, 32])
xencoder torch.Size([1, 2, 128])
masks1 torch.Size([1, 3, 1, 1, 1])
masks2 torch.Size([1, 3, 32, 32, 32])
masks3 torch.Size([1, 3, 32, 32, 32])
compare torch.Size([1, 3, 32, 32, 32]) torch.Size([1, 32, 32, 32]) torch.Size([1, 256, 256, 256])
Batch 1, Loss: 0.15110355615615845
subvx,subvy torch.Size([1, 1, 32, 32, 32]) torch.Size([1, 32, 32, 32])
xencoder torch.Size([1, 2, 128])
masks1 torch.Size([1, 3, 1, 1, 1])
masks2 torch.Size([1, 3, 32, 32, 32])
masks3 torch.Size([1, 3, 32, 32, 32])
compare torch.Size([1, 3, 32, 32, 32]) torch.Size([1, 32, 32, 32]) torch.Size([1, 256, 256, 256])
Batch 1, Loss: 0.15088607370853424
subvx,subvy torch.Size([1, 1, 32, 32, 32]) torch.Size([1, 32, 32, 32])
xencoder torch.Size([1, 2, 128])
masks1 torch.Size([1, 3, 1, 1, 1])
masks2 torch.Size([1, 3, 32, 32, 32])
masks3 torch.Size([1, 3, 32, 32, 32])
compare torch.Size([1, 3, 32, 32, 32]) torch.Size([1, 32, 32, 32]) torch.Size([1, 256, 256, 256])
Batch 1, Loss: 0.15024186670780182
subvx,subvy torch.Size([1, 1, 32, 32, 32]) torch.Size([1, 32, 32, 32])
xencoder torch.Size([1, 2, 128])
masks1 torch.Size([1, 3, 1, 1, 1])
masks2 torch.Size([1, 3, 32, 32, 32])
masks3 torch.Size([1, 3, 32, 32, 32])
compare torch.Size([1, 3, 32, 32, 32]) torch.Size([1, 32, 32, 32]) torch.Size([1, 256, 256, 256])
Batch 1, Loss: 0.14978976547718048
subvx,subvy torch.Size([1, 1, 32, 32, 32]) torch.Size([1, 32, 32, 32])
xencoder torch.Size([1, 2, 128])
masks1 torch.Size([1, 3, 1, 1, 1])
masks2 torch.Size([1, 3, 32, 32, 32])
masks3 torch.Size([1, 3, 32, 32, 32])
compare torch.Size([1, 3, 32, 32, 32]) torch.Size([1, 32, 32, 32]) torch.Size([1, 256, 256, 256])
Batch 1, Loss: 0.14936155080795288
subvx,subvy torch.Size([1, 1, 32, 32, 32]) torch.Size([1, 32, 32, 32])
xencoder torch.Size([1, 2, 128])
masks1 torch.Size([1, 3, 1, 1, 1])
masks2 torch.Size([1, 3, 32, 32, 32])
masks3 torch.Size([1, 3, 32, 32, 32])
compare torch.Size([1, 3, 32, 32, 32]) torch.Size([1, 32, 32, 32]) torch.Size([1, 256, 256, 256])
Batch 1, Loss: 0.14892049133777618
subvx,subvy torch.Size([1, 1, 32, 32, 32]) torch.Size([1, 32, 32, 32])
xencoder torch.Size([1, 2, 128])
masks1 torch.Size([1, 3, 1, 1, 1])
masks2 torch.Size([1, 3, 32, 32, 32])
masks3 torch.Size([1, 3, 32, 32, 32])
compare torch.Size([1, 3, 32, 32, 32]) torch.Size([1, 32, 32, 32]) torch.Size([1, 256, 256, 256])
Batch 1, Loss: 0.14852266013622284
subvx,subvy torch.Size([1, 1, 32, 32, 32]) torch.Size([1, 32, 32, 32])
xencoder torch.Size([1, 2, 128])
masks1 torch.Size([1, 3, 1, 1, 1])
masks2 torch.Size([1, 3, 32, 32, 32])
masks3 torch.Size([1, 3, 32, 32, 32])
compare torch.Size([1, 3, 32, 32, 32]) torch.Size([1, 32, 32, 32]) torch.Size([1, 256, 256, 256])
Batch 1, Loss: 0.14807605743408203
subvx,subvy torch.Size([1, 1, 32, 32, 32]) torch.Size([1, 32, 32, 32])
xencoder torch.Size([1, 2, 128])
masks1 torch.Size([1, 3, 1, 1, 1])
masks2 torch.Size([1, 3, 32, 32, 32])
masks3 torch.Size([1, 3, 32, 32, 32])
compare torch.Size([1, 3, 32, 32, 32]) torch.Size([1, 32, 32, 32]) torch.Size([1, 256, 256, 256])
Batch 1, Loss: 0.14768315851688385
subvx,subvy torch.Size([1, 1, 32, 32, 32]) torch.Size([1, 32, 32, 32])
xencoder torch.Size([1, 2, 128])
masks1 torch.Size([1, 3, 1, 1, 1])
masks2 torch.Size([1, 3, 32, 32, 32])
masks3 torch.Size([1, 3, 32, 32, 32])
compare torch.Size([1, 3, 32, 32, 32]) torch.Size([1, 32, 32, 32]) torch.Size([1, 256, 256, 256])
Batch 1, Loss: 0.1472177654504776
subvx,subvy torch.Size([1, 1, 32, 32, 32]) torch.Size([1, 32, 32, 32])
xencoder torch.Size([1, 2, 128])
masks1 torch.Size([1, 3, 1, 1, 1])
masks2 torch.Size([1, 3, 32, 32, 32])
masks3 torch.Size([1, 3, 32, 32, 32])
compare torch.Size([1, 3, 32, 32, 32]) torch.Size([1, 32, 32, 32]) torch.Size([1, 256, 256, 256])
Batch 1, Loss: 0.14684341847896576
subvx,subvy torch.Size([1, 1, 32, 32, 32]) torch.Size([1, 32, 32, 32])
xencoder torch.Size([1, 2, 128])
masks1 torch.Size([1, 3, 1, 1, 1])
masks2 torch.Size([1, 3, 32, 32, 32])
masks3 torch.Size([1, 3, 32, 32, 32])
compare torch.Size([1, 3, 32, 32, 32]) torch.Size([1, 32, 32, 32]) torch.Size([1, 256, 256, 256])
Batch 1, Loss: 0.1463746428489685
subvx,subvy torch.Size([1, 1, 32, 32, 32]) torch.Size([1, 32, 32, 32])
xencoder torch.Size([1, 2, 128])
masks1 torch.Size([1, 3, 1, 1, 1])
masks2 torch.Size([1, 3, 32, 32, 32])
masks3 torch.Size([1, 3, 32, 32, 32])
compare torch.Size([1, 3, 32, 32, 32]) torch.Size([1, 32, 32, 32]) torch.Size([1, 256, 256, 256])
Batch 1, Loss: 0.14597924053668976
subvx,subvy torch.Size([1, 1, 32, 32, 32]) torch.Size([1, 32, 32, 32])
xencoder torch.Size([1, 2, 128])
masks1 torch.Size([1, 3, 1, 1, 1])
masks2 torch.Size([1, 3, 32, 32, 32])
masks3 torch.Size([1, 3, 32, 32, 32])
compare torch.Size([1, 3, 32, 32, 32]) torch.Size([1, 32, 32, 32]) torch.Size([1, 256, 256, 256])
Batch 1, Loss: 0.14580126106739044
subvx,subvy torch.Size([1, 1, 32, 32, 32]) torch.Size([1, 32, 32, 32])
xencoder torch.Size([1, 2, 128])
masks1 torch.Size([1, 3, 1, 1, 1])
masks2 torch.Size([1, 3, 32, 32, 32])
masks3 torch.Size([1, 3, 32, 32, 32])
compare torch.Size([1, 3, 32, 32, 32]) torch.Size([1, 32, 32, 32]) torch.Size([1, 256, 256, 256])
Batch 1, Loss: 0.14514891803264618
subvx,subvy torch.Size([1, 1, 32, 32, 32]) torch.Size([1, 32, 32, 32])
xencoder torch.Size([1, 2, 128])
masks1 torch.Size([1, 3, 1, 1, 1])
masks2 torch.Size([1, 3, 32, 32, 32])
masks3 torch.Size([1, 3, 32, 32, 32])
compare torch.Size([1, 3, 32, 32, 32]) torch.Size([1, 32, 32, 32]) torch.Size([1, 256, 256, 256])
Batch 1, Loss: 0.14469070732593536
subvx,subvy torch.Size([1, 1, 32, 32, 32]) torch.Size([1, 32, 32, 32])
xencoder torch.Size([1, 2, 128])
masks1 torch.Size([1, 3, 1, 1, 1])
masks2 torch.Size([1, 3, 32, 32, 32])
masks3 torch.Size([1, 3, 32, 32, 32])
compare torch.Size([1, 3, 32, 32, 32]) torch.Size([1, 32, 32, 32]) torch.Size([1, 256, 256, 256])
Batch 1, Loss: 0.14444808661937714
subvx,subvy torch.Size([1, 1, 32, 32, 32]) torch.Size([1, 32, 32, 32])
xencoder torch.Size([1, 2, 128])
masks1 torch.Size([1, 3, 1, 1, 1])
masks2 torch.Size([1, 3, 32, 32, 32])
masks3 torch.Size([1, 3, 32, 32, 32])
compare torch.Size([1, 3, 32, 32, 32]) torch.Size([1, 32, 32, 32]) torch.Size([1, 256, 256, 256])
Batch 1, Loss: 0.14385239779949188
subvx,subvy torch.Size([1, 1, 32, 32, 32]) torch.Size([1, 32, 32, 32])
xencoder torch.Size([1, 2, 128])
masks1 torch.Size([1, 3, 1, 1, 1])
masks2 torch.Size([1, 3, 32, 32, 32])
masks3 torch.Size([1, 3, 32, 32, 32])
compare torch.Size([1, 3, 32, 32, 32]) torch.Size([1, 32, 32, 32]) torch.Size([1, 256, 256, 256])
Batch 1, Loss: 0.14343853294849396
subvx,subvy torch.Size([1, 1, 32, 32, 32]) torch.Size([1, 32, 32, 32])
xencoder torch.Size([1, 2, 128])
masks1 torch.Size([1, 3, 1, 1, 1])
masks2 torch.Size([1, 3, 32, 32, 32])
masks3 torch.Size([1, 3, 32, 32, 32])
compare torch.Size([1, 3, 32, 32, 32]) torch.Size([1, 32, 32, 32]) torch.Size([1, 256, 256, 256])
Batch 1, Loss: 0.14302773773670197
subvx,subvy torch.Size([1, 1, 32, 32, 32]) torch.Size([1, 32, 32, 32])
xencoder torch.Size([1, 2, 128])
masks1 torch.Size([1, 3, 1, 1, 1])
masks2 torch.Size([1, 3, 32, 32, 32])
masks3 torch.Size([1, 3, 32, 32, 32])
compare torch.Size([1, 3, 32, 32, 32]) torch.Size([1, 32, 32, 32]) torch.Size([1, 256, 256, 256])
Batch 1, Loss: 0.14274290204048157
subvx,subvy torch.Size([1, 1, 32, 32, 32]) torch.Size([1, 32, 32, 32])
xencoder torch.Size([1, 2, 128])
masks1 torch.Size([1, 3, 1, 1, 1])
masks2 torch.Size([1, 3, 32, 32, 32])
masks3 torch.Size([1, 3, 32, 32, 32])
compare torch.Size([1, 3, 32, 32, 32]) torch.Size([1, 32, 32, 32]) torch.Size([1, 256, 256, 256])
